#-----------------------------------------------------------
# Vivado v2016.2 (64-bit)
# SW Build 1577090 on Thu Jun  2 16:32:40 MDT 2016
# IP Build 1577682 on Fri Jun  3 12:00:54 MDT 2016
# Start of session at: Sun Jul 16 11:06:15 2017
# Process ID: 6176
# Current directory: S:/计算机组成/1553534-李帅-cpu31/1553534-李帅-cpu31/cpu_31
# Command line: vivado.exe -gui_launcher_event rodinguilauncherevent12376 S:\计算机组成\1553534-李帅-cpu31\1553534-李帅-cpu31\cpu_31\cpu_31.xpr
# Log file: S:/计算机组成/1553534-李帅-cpu31/1553534-李帅-cpu31/cpu_31/vivado.log
# Journal file: S:/计算机组成/1553534-李帅-cpu31/1553534-李帅-cpu31/cpu_31\vivado.jou
#-----------------------------------------------------------
start_gui
open_project S:/计算机组成/1553534-李帅-cpu31/1553534-李帅-cpu31/cpu_31/cpu_31.xpr
INFO: [Project 1-313] Project file moved from 'S:/Vivado/cpu_31' since last save.
WARNING: [Project 1-312] File not found as 'S:/计算机组成/1553534-李帅-cpu31/1553534-李帅-cpu31/cpu_31/cpu_test_time_impl.wcfg'; using path 'S:/Vivado/cpu_31/cpu_test_time_impl.wcfg' instead.
Scanning sources...
Finished scanning sources
INFO: [IP_Flow 19-234] Refreshing IP repositories
INFO: [IP_Flow 19-1704] No user IP repositories specified
INFO: [IP_Flow 19-2313] Loaded Vivado IP repository 'C:/Xilinx/Vivado/2016.2/data/ip'.
open_project: Time (s): cpu = 00:00:16 ; elapsed = 00:00:07 . Memory (MB): peak = 768.469 ; gain = 130.785
update_compile_order -fileset sources_1
exit
INFO: [Common 17-206] Exiting Vivado at Sun Jul 16 11:07:53 2017...
