INFO: [VRFC 10-2263] Analyzing SystemVerilog file "C:/Xilinx/Vivado/2016.2/data/ip/xpm/xpm_memory/hdl/xpm_memory_base.sv" into library xil_defaultlib
INFO: [VRFC 10-311] analyzing module xpm_memory_base
INFO: [VRFC 10-2263] Analyzing SystemVerilog file "C:/Xilinx/Vivado/2016.2/data/ip/xpm/xpm_memory/hdl/xpm_memory_dpdistram.sv" into library xil_defaultlib
INFO: [VRFC 10-311] analyzing module xpm_memory_dpdistram
INFO: [VRFC 10-2263] Analyzing SystemVerilog file "C:/Xilinx/Vivado/2016.2/data/ip/xpm/xpm_memory/hdl/xpm_memory_dprom.sv" into library xil_defaultlib
INFO: [VRFC 10-311] analyzing module xpm_memory_dprom
INFO: [VRFC 10-2263] Analyzing SystemVerilog file "C:/Xilinx/Vivado/2016.2/data/ip/xpm/xpm_memory/hdl/xpm_memory_sdpram.sv" into library xil_defaultlib
INFO: [VRFC 10-311] analyzing module xpm_memory_sdpram
INFO: [VRFC 10-2263] Analyzing SystemVerilog file "C:/Xilinx/Vivado/2016.2/data/ip/xpm/xpm_memory/hdl/xpm_memory_spram.sv" into library xil_defaultlib
INFO: [VRFC 10-311] analyzing module xpm_memory_spram
INFO: [VRFC 10-2263] Analyzing SystemVerilog file "C:/Xilinx/Vivado/2016.2/data/ip/xpm/xpm_memory/hdl/xpm_memory_sprom.sv" into library xil_defaultlib
INFO: [VRFC 10-311] analyzing module xpm_memory_sprom
INFO: [VRFC 10-2263] Analyzing SystemVerilog file "C:/Xilinx/Vivado/2016.2/data/ip/xpm/xpm_memory/hdl/xpm_memory_tdpram.sv" into library xil_defaultlib
INFO: [VRFC 10-311] analyzing module xpm_memory_tdpram
INFO: [VRFC 10-2263] Analyzing Verilog file "S:/Vivado/cpu_31/cpu_31.srcs/sources_1/new/shifter.v" into library xil_defaultlib
INFO: [VRFC 10-311] analyzing module shifter
INFO: [VRFC 10-2263] Analyzing Verilog file "S:/Vivado/cpu_31/cpu_31.srcs/sources_1/new/addsub32.v" into library xil_defaultlib
INFO: [VRFC 10-311] analyzing module addsub32
INFO: [VRFC 10-2263] Analyzing Verilog file "S:/Vivado/cpu_31/cpu_31.srcs/sources_1/new/instmem.v" into library xil_defaultlib
INFO: [VRFC 10-311] analyzing module instmem
INFO: [VRFC 10-2263] Analyzing Verilog file "S:/Vivado/cpu_31/cpu_31.srcs/sources_1/new/selector.v" into library xil_defaultlib
INFO: [VRFC 10-311] analyzing module mux2x32
INFO: [VRFC 10-311] analyzing module mux2x5
INFO: [VRFC 10-311] analyzing module mux4x32
INFO: [VRFC 10-2263] Analyzing Verilog file "S:/Vivado/cpu_31/cpu_31.srcs/sources_1/new/regfiles.v" into library xil_defaultlib
INFO: [VRFC 10-311] analyzing module regfiles
INFO: [VRFC 10-2263] Analyzing Verilog file "S:/Vivado/cpu_31/cpu_31.srcs/sources_1/new/pcreg.v" into library xil_defaultlib
INFO: [VRFC 10-311] analyzing module pcreg
INFO: [VRFC 10-2263] Analyzing Verilog file "S:/Vivado/cpu_31/cpu_31.srcs/sources_1/new/ext.v" into library xil_defaultlib
INFO: [VRFC 10-311] analyzing module ext
INFO: [VRFC 10-2263] Analyzing Verilog file "S:/Vivado/cpu_31/cpu_31.srcs/sources_1/new/dram.v" into library xil_defaultlib
INFO: [VRFC 10-311] analyzing module dram
INFO: [VRFC 10-2263] Analyzing Verilog file "S:/Vivado/cpu_31/cpu_31.srcs/sources_1/new/control_unit.v" into library xil_defaultlib
INFO: [VRFC 10-311] analyzing module cpu_control
INFO: [VRFC 10-2263] Analyzing Verilog file "S:/Vivado/cpu_31/cpu_31.srcs/sources_1/new/alu.v" into library xil_defaultlib
INFO: [VRFC 10-311] analyzing module alu
INFO: [VRFC 10-2263] Analyzing Verilog file "S:/Vivado/cpu_31/cpu_31.srcs/sources_1/new/adddd.v" into library xil_defaultlib
INFO: [VRFC 10-311] analyzing module adddd
INFO: [VRFC 10-2263] Analyzing Verilog file "S:/Vivado/cpu_31/cpu_31.srcs/sources_1/new/cpu.v" into library xil_defaultlib
INFO: [VRFC 10-311] analyzing module cpu
INFO: [VRFC 10-2263] Analyzing Verilog file "S:/Vivado/cpu_31/cpu_31.srcs/sources_1/new/cpu_test.v" into library xil_defaultlib
INFO: [VRFC 10-311] analyzing module cpu_test
INFO: [VRFC 10-2263] Analyzing Verilog file "S:/Vivado/cpu_31/cpu_31.sim/sim_1/behav/glbl.v" into library xil_defaultlib
INFO: [VRFC 10-311] analyzing module glbl
